<?xml version="1.0" encoding="UTF-8"?>
<!-- Generated by org.testng.reporters.JUnitReportReporter -->
<testsuite hostname="DESKTOP-A2FI9VO" failures="0" tests="1" name="PracticeTest.Prcticeztest" time="0.015" errors="0" timestamp="27 Jul 2022 06:48:39 GMT">
  <testcase classname="PracticeTest.Prcticeztest" name="display" time="0.015"/>
</testsuite> <!-- PracticeTest.Prcticeztest -->
