<?xml version="1.0" encoding="UTF-8"?>
<!-- Generated by org.testng.reporters.JUnitReportReporter -->
<testsuite hostname="DESKTOP-A2FI9VO" failures="0" tests="3" name="PracticeTest.PracticeTest" time="0.027" errors="0" timestamp="24 Jul 2022 06:29:44 GMT">
  <testcase classname="PracticeTest.PracticeTest" name="seen" time="0.003"/>
  <testcase classname="PracticeTest.PracticeTest" name="show" time="0.005"/>
  <testcase classname="PracticeTest.PracticeTest" name="display" time="0.019"/>
</testsuite> <!-- PracticeTest.PracticeTest -->
