<?xml version="1.0" encoding="UTF-8"?>
<!-- Generated by org.testng.reporters.JUnitReportReporter -->
<testsuite hostname="DESKTOP-A2FI9VO" failures="0" tests="2" name="PracticeTest.PrcticeTest1" time="0.011" errors="0" timestamp="24 Jul 2022 08:44:31 GMT">
  <testcase classname="PracticeTest.PrcticeTest1" name="display" time="0.009"/>
  <testcase classname="PracticeTest.PrcticeTest1" name="smile" time="0.002"/>
</testsuite> <!-- PracticeTest.PrcticeTest1 -->
